<?xml version="1.0" encoding="UTF-8"?>
<testsuite name="com.group66.hqadmin.service.EmployeeServiceTest" tests="3" skipped="0" failures="0" errors="0" timestamp="2026-04-28T19:41:01.921Z" hostname="BUSINESS-GOOSE-" time="2.585">
  <properties/>
  <testcase name="Promote: Should increase salary by 10% for eligible employee" classname="com.group66.hqadmin.service.EmployeeServiceTest" time="2.51"/>
  <testcase name="Promote: Should throw Exception when employee does not exist" classname="com.group66.hqadmin.service.EmployeeServiceTest" time="0.021"/>
  <testcase name="Promote: Should throw Exception if tenure is less than 6 months" classname="com.group66.hqadmin.service.EmployeeServiceTest" time="0.007"/>
  <system-out><![CDATA[]]></system-out>
  <system-err><![CDATA[Mockito is currently self-attaching to enable the inline-mock-maker. This will no longer work in future releases of the JDK. Please add Mockito as an agent to your build as described in Mockito's documentation: https://javadoc.io/doc/org.mockito/mockito-core/latest/org.mockito/org/mockito/Mockito.html#0.3
WARNING: A Java agent has been loaded dynamically (C:\Users\charl\.gradle\caches\modules-2\files-2.1\net.bytebuddy\byte-buddy-agent\1.17.8\f09415827a71be7ed621c7bd02550678f28bc81c\byte-buddy-agent-1.17.8.jar)
WARNING: If a serviceability tool is in use, please run with -XX:+EnableDynamicAgentLoading to hide this warning
WARNING: If a serviceability tool is not in use, please run with -Djdk.instrument.traceUsage for more information
WARNING: Dynamic loading of agents will be disallowed by default in a future release
]]></system-err>
</testsuite>
